<?xml version="1.0" encoding="UTF-8" ?>
<testsuite tests="3" failures="0" name="com.ruke.vrjassc.vrjassc.LocalVariableStatementTest" time="0.005" errors="0" skipped="0">
  <properties>
[...]
</properties>
  <testcase classname="com.ruke.vrjassc.vrjassc.LocalVariableStatementTest" name="compoundOperator" time="0.003"/>
  <testcase classname="com.ruke.vrjassc.vrjassc.LocalVariableStatementTest" name="correct" time="0.001"/>
  <testcase classname="com.ruke.vrjassc.vrjassc.LocalVariableStatementTest" name="freeDeclaration" time="0.001"/>
</testsuite>